app/build/outputs/logs/manifest-merger-debug-report.txt
-- Merging decision tree log ---
manifest
ADDED from src\main\AndroidManifest.xml:2:1-113:12
	package
		ADDED from src\main\AndroidManifest.xml:3:5-39
		INJECTED from src\main\AndroidManifest.xml
		INJECTED from src\main\AndroidManifest.xml
	android:versionName
		ADDED from src\main\AndroidManifest.xml:6:5-31
	android:versionCode
		ADDED from src\main\AndroidManifest.xml:5:5-28
		INJECTED from src\main\AndroidManifest.xml
		INJECTED from src\main\AndroidManifest.xml
	xmlns:android
		ADDED from src\main\AndroidManifest.xml:2:11-69
uses-sdk
ADDED from src\main\AndroidManifest.xml:9:5-11:40
MERGED from [com.android.support:support-v4:23.1.0] AndroidManifest.xml:20:5-43
	android:targetSdkVersion
		ADDED from src\main\AndroidManifest.xml:11:9-38
		INJECTED from src\main\AndroidManifest.xml
		INJECTED from src\main\AndroidManifest.xml
	android:minSdkVersion
		ADDED from src\main\AndroidManifest.xml:10:9-35
		INJECTED from src\main\AndroidManifest.xml
		INJECTED from src\main\AndroidManifest.xml
uses-permission#android.permission.READ_PHONE_STATE
ADDED from src\main\AndroidManifest.xml:12:5-75
	android:name
		ADDED from src\main\AndroidManifest.xml:12:22-72
uses-permission#android.permission.INTERNET
ADDED from src\main\AndroidManifest.xml:13:5-66
	android:name
		ADDED from src\main\AndroidManifest.xml:13:22-64
uses-permission#android.permission.WRITE_SETTINGS
ADDED from src\main\AndroidManifest.xml:14:5-73
	android:name
		ADDED from src\main\AndroidManifest.xml:14:22-70
uses-permission#android.permission.WRITE_EXTERNAL_STORAGE
ADDED from src\main\AndroidManifest.xml:15:2-77
	android:name
		ADDED from src\main\AndroidManifest.xml:15:19-75
uses-permission#android.permission.WRITE_INTERNAL_STORAGE
ADDED from src\main\AndroidManifest.xml:16:2-77
	android:name
		ADDED from src\main\AndroidManifest.xml:16:19-75
uses-permission#android.permission.ACCESS_WIFI_STATE
ADDED from src\main\AndroidManifest.xml:17:2-72
	android:name
		ADDED from src\main\AndroidManifest.xml:17:19-70
uses-permission#android.permission.ACCESS_COARSE_LOCATION
ADDED from src\main\AndroidManifest.xml:18:2-77
	android:name
		ADDED from src\main\AndroidManifest.xml:18:19-75
uses-permission#android.permission.ACCESS_FINE_LOCATION
ADDED from src\main\AndroidManifest.xml:19:2-75
	android:name
		ADDED from src\main\AndroidManifest.xml:19:19-73
uses-permission#android.permission.RECEIVE_BOOT_COMPLETED
ADDED from src\main\AndroidManifest.xml:20:2-77
	android:name
		ADDED from src\main\AndroidManifest.xml:20:19-75
uses-permission#android.permission.SEND_SMS
ADDED from src\main\AndroidManifest.xml:21:2-64
	android:name
		ADDED from src\main\AndroidManifest.xml:21:19-61
uses-permission#android.permission.WAKE_LOCK
ADDED from src\main\AndroidManifest.xml:22:2-65
	android:name
		ADDED from src\main\AndroidManifest.xml:22:19-62
uses-permission#android.permission.RECEIVE_SMS
ADDED from src\main\AndroidManifest.xml:23:2-67
	android:name
		ADDED from src\main\AndroidManifest.xml:23:19-64
uses-permission#android.permission.BLUETOOTH
ADDED from src\main\AndroidManifest.xml:24:2-65
	android:name
		ADDED from src\main\AndroidManifest.xml:24:19-62
uses-permission#android.permission.CHANGE_NETWORK_STATE
ADDED from src\main\AndroidManifest.xml:25:2-75
	android:name
		ADDED from src\main\AndroidManifest.xml:25:19-73
uses-permission#android.permission.ACCESS_NETWORK_STATE
ADDED from src\main\AndroidManifest.xml:26:2-75
	android:name
		ADDED from src\main\AndroidManifest.xml:26:19-73
application
ADDED from src\main\AndroidManifest.xml:30:5-111:19
MERGED from [com.android.support:support-v4:23.1.0] AndroidManifest.xml:22:5-20
	android:label
		ADDED from src\main\AndroidManifest.xml:33:9-41
	android:allowBackup
		ADDED from src\main\AndroidManifest.xml:31:9-35
	android:icon
		ADDED from src\main\AndroidManifest.xml:32:9-42
	android:persistent
		ADDED from src\main\AndroidManifest.xml:35:9-34
	android:theme
		ADDED from src\main\AndroidManifest.xml:34:9-40
uses-library#com.android.future.usb.accessory
ADDED from src\main\AndroidManifest.xml:37:9-38:31
	android:required
		ADDED from src\main\AndroidManifest.xml:38:4-28
	android:name
		ADDED from src\main\AndroidManifest.xml:37:23-70
activity#com.iwop.rastreadormovil.Principal
ADDED from src\main\AndroidManifest.xml:40:9-47:20
	android:label
		ADDED from src\main\AndroidManifest.xml:42:13-45
	android:launchMode
		ADDED from src\main\AndroidManifest.xml:42:46-77
	android:name
		ADDED from src\main\AndroidManifest.xml:41:13-62
intent-filter#android.intent.action.MAIN+android.intent.category.LAUNCHER
ADDED from src\main\AndroidManifest.xml:42:78-46:29
action#android.intent.action.MAIN
ADDED from src\main\AndroidManifest.xml:43:17-69
	android:name
		ADDED from src\main\AndroidManifest.xml:43:25-66
category#android.intent.category.LAUNCHER
ADDED from src\main\AndroidManifest.xml:45:17-77
	android:name
		ADDED from src\main\AndroidManifest.xml:45:27-74
receiver#com.iwop.rastreadormovil.ListenerBooteo
ADDED from src\main\AndroidManifest.xml:49:9-92:20
	android:name
		ADDED from src\main\AndroidManifest.xml:49:19-73
intent-filter#android.intent.action.ACTION_POWER_CONNECTED+android.intent.action.ACTION_POWER_DISCONNECTED+android.intent.action.BOOT_COMPLETED+android.intent.action.changenumberbus+android.intent.action.resetrastreoservice+com.iwop.rastreadormovil.changecodigoconductor+com.iwop.rastreadormovil.clearalldata+com.iwop.rastreadormovil.fanoff+com.iwop.rastreadormovil.fanon+com.iwop.rastreadormovil.getdatabarras+com.iwop.rastreadormovil.rebootdevice+com.iwop.rastreadormovil.resetcontadorparada+com.iwop.rastreadormovil.resetdatabarras+com.iwop.rastreadormovil.senddiferido+com.rastreomovil.getLoggerFile+com.rastreomovil.startservice+com.rastreomovil.startservicedetectbarrasdelanteras
ADDED from src\main\AndroidManifest.xml:51:13-90:29
action#android.intent.action.BOOT_COMPLETED
ADDED from src\main\AndroidManifest.xml:52:17-53:26
	android:name
		ADDED from src\main\AndroidManifest.xml:52:25-77
action#com.iwop.rastreadormovil.fanon
ADDED from src\main\AndroidManifest.xml:54:17-55:26
	android:name
		ADDED from src\main\AndroidManifest.xml:54:25-71
action#com.iwop.rastreadormovil.fanoff
ADDED from src\main\AndroidManifest.xml:56:17-57:26
	android:name
		ADDED from src\main\AndroidManifest.xml:56:25-72
action#com.rastreomovil.startservice
ADDED from src\main\AndroidManifest.xml:58:17-59:26
	android:name
		ADDED from src\main\AndroidManifest.xml:58:25-70
action#android.intent.action.ACTION_POWER_CONNECTED
ADDED from src\main\AndroidManifest.xml:60:17-61:26
	android:name
		ADDED from src\main\AndroidManifest.xml:60:25-85
action#android.intent.action.ACTION_POWER_DISCONNECTED
ADDED from src\main\AndroidManifest.xml:62:17-63:26
	android:name
		ADDED from src\main\AndroidManifest.xml:62:25-88
action#com.iwop.rastreadormovil.getdatabarras
ADDED from src\main\AndroidManifest.xml:64:17-65:26
	android:name
		ADDED from src\main\AndroidManifest.xml:64:25-79
action#com.rastreomovil.startservicedetectbarrasdelanteras
ADDED from src\main\AndroidManifest.xml:66:17-67:26
	android:name
		ADDED from src\main\AndroidManifest.xml:66:25-92
action#com.iwop.rastreadormovil.resetdatabarras
ADDED from src\main\AndroidManifest.xml:68:17-69:26
	android:name
		ADDED from src\main\AndroidManifest.xml:68:25-81
action#android.intent.action.resetrastreoservice
ADDED from src\main\AndroidManifest.xml:70:18-71:26
	android:name
		ADDED from src\main\AndroidManifest.xml:70:26-83
action#android.intent.action.changenumberbus
ADDED from src\main\AndroidManifest.xml:72:18-73:26
	android:name
		ADDED from src\main\AndroidManifest.xml:72:26-79
action#com.iwop.rastreadormovil.resetcontadorparada
ADDED from src\main\AndroidManifest.xml:74:17-75:26
	android:name
		ADDED from src\main\AndroidManifest.xml:74:25-85
action#com.rastreomovil.getLoggerFile
ADDED from src\main\AndroidManifest.xml:76:17-77:26
	android:name
		ADDED from src\main\AndroidManifest.xml:76:25-71
action#com.iwop.rastreadormovil.clearalldata
ADDED from src\main\AndroidManifest.xml:78:18-79:26
	android:name
		ADDED from src\main\AndroidManifest.xml:78:26-79
action#com.iwop.rastreadormovil.rebootdevice
ADDED from src\main\AndroidManifest.xml:80:17-81:26
	android:name
		ADDED from src\main\AndroidManifest.xml:80:25-78
action#com.iwop.rastreadormovil.senddiferido
ADDED from src\main\AndroidManifest.xml:82:18-83:26
	android:name
		ADDED from src\main\AndroidManifest.xml:82:26-79
action#com.iwop.rastreadormovil.changecodigoconductor
ADDED from src\main\AndroidManifest.xml:84:17-85:26
	android:name
		ADDED from src\main\AndroidManifest.xml:84:25-87
service#com.iwop.rastreadormovil.LocationService
ADDED from src\main\AndroidManifest.xml:96:9-101:15
	android:label
		ADDED from src\main\AndroidManifest.xml:99:9-40
	android:name
		ADDED from src\main\AndroidManifest.xml:97:9-64
service#com.iwop.rastreadormovil.TestCommands
ADDED from src\main\AndroidManifest.xml:102:5-107:15
	android:label
		ADDED from src\main\AndroidManifest.xml:105:9-37
	android:name
		ADDED from src\main\AndroidManifest.xml:103:9-61